  Animations.cpp
C:\Users\User\Documents\GitHub\Thirsty\Win32\StockGame.h(59,42): warning C4305: '초기화 중': 'double'에서 'float'(으)로 잘립니다.
  (소스 파일 'Animations.cpp'을(를) 컴파일하는 중)
  
C:\Users\User\Documents\GitHub\Thirsty\Win32\StockGame.h(60,45): warning C4305: '초기화 중': 'double'에서 'float'(으)로 잘립니다.
  (소스 파일 'Animations.cpp'을(를) 컴파일하는 중)
  
  Animator.cpp
C:\Users\User\Documents\GitHub\Thirsty\Win32\StockGame.h(59,42): warning C4305: '초기화 중': 'double'에서 'float'(으)로 잘립니다.
  (소스 파일 'Animator.cpp'을(를) 컴파일하는 중)
  
C:\Users\User\Documents\GitHub\Thirsty\Win32\StockGame.h(60,45): warning C4305: '초기화 중': 'double'에서 'float'(으)로 잘립니다.
  (소스 파일 'Animator.cpp'을(를) 컴파일하는 중)
  
C:\Users\User\Documents\GitHub\Thirsty\Win32\Animator.cpp(37,45): warning C4244: '+=': 'ULONGLONG'에서 'int'(으)로 변환하면서 데이터가 손실될 수 있습니다.
  Button.cpp
C:\Users\User\Documents\GitHub\Thirsty\Win32\StockGame.h(59,42): warning C4305: '초기화 중': 'double'에서 'float'(으)로 잘립니다.
  (소스 파일 'Button.cpp'을(를) 컴파일하는 중)
  
C:\Users\User\Documents\GitHub\Thirsty\Win32\StockGame.h(60,45): warning C4305: '초기화 중': 'double'에서 'float'(으)로 잘립니다.
  (소스 파일 'Button.cpp'을(를) 컴파일하는 중)
  
  ChooseFood.cpp
C:\Users\User\Documents\GitHub\Thirsty\Win32\StockGame.h(59,42): warning C4305: '초기화 중': 'double'에서 'float'(으)로 잘립니다.
  (소스 파일 'ChooseFood.cpp'을(를) 컴파일하는 중)
  
C:\Users\User\Documents\GitHub\Thirsty\Win32\StockGame.h(60,45): warning C4305: '초기화 중': 'double'에서 'float'(으)로 잘립니다.
  (소스 파일 'ChooseFood.cpp'을(를) 컴파일하는 중)
  
  GameManager.cpp
C:\Users\User\Documents\GitHub\Thirsty\Win32\StockGame.h(59,42): warning C4305: '초기화 중': 'double'에서 'float'(으)로 잘립니다.
  (소스 파일 'GameManager.cpp'을(를) 컴파일하는 중)
  
C:\Users\User\Documents\GitHub\Thirsty\Win32\StockGame.h(60,45): warning C4305: '초기화 중': 'double'에서 'float'(으)로 잘립니다.
  (소스 파일 'GameManager.cpp'을(를) 컴파일하는 중)
  
C:\Users\User\Documents\GitHub\Thirsty\Win32\GameManager.cpp(66,24): warning C4244: '인수': 'WPARAM'에서 'unsigned int'(으)로 변환하면서 데이터가 손실될 수 있습니다.
C:\Users\User\Documents\GitHub\Thirsty\Win32\GameManager.cpp(70,22): warning C4244: '인수': 'WPARAM'에서 'unsigned int'(으)로 변환하면서 데이터가 손실될 수 있습니다.
  InputSystem.cpp
C:\Users\User\Documents\GitHub\Thirsty\Win32\StockGame.h(59,42): warning C4305: '초기화 중': 'double'에서 'float'(으)로 잘립니다.
  (소스 파일 'InputSystem.cpp'을(를) 컴파일하는 중)
  
C:\Users\User\Documents\GitHub\Thirsty\Win32\StockGame.h(60,45): warning C4305: '초기화 중': 'double'에서 'float'(으)로 잘립니다.
  (소스 파일 'InputSystem.cpp'을(를) 컴파일하는 중)
  
  NoodleSlice.cpp
C:\Users\User\Documents\GitHub\Thirsty\Win32\StockGame.h(59,42): warning C4305: '초기화 중': 'double'에서 'float'(으)로 잘립니다.
  (소스 파일 'NoodleSlice.cpp'을(를) 컴파일하는 중)
  
C:\Users\User\Documents\GitHub\Thirsty\Win32\StockGame.h(60,45): warning C4305: '초기화 중': 'double'에서 'float'(으)로 잘립니다.
  (소스 파일 'NoodleSlice.cpp'을(를) 컴파일하는 중)
  
C:\Users\User\Documents\GitHub\Thirsty\Win32\NoodleSlice.cpp(7,12): warning C4244: '인수': 'time_t'에서 'unsigned int'(으)로 변환하면서 데이터가 손실될 수 있습니다.
  RenderSystem.cpp
C:\Users\User\Documents\GitHub\Thirsty\Win32\StockGame.h(59,42): warning C4305: '초기화 중': 'double'에서 'float'(으)로 잘립니다.
  (소스 파일 'RenderSystem.cpp'을(를) 컴파일하는 중)
  
C:\Users\User\Documents\GitHub\Thirsty\Win32\StockGame.h(60,45): warning C4305: '초기화 중': 'double'에서 'float'(으)로 잘립니다.
  (소스 파일 'RenderSystem.cpp'을(를) 컴파일하는 중)
  
C:\Users\User\Documents\GitHub\Thirsty\Win32\RenderSystem.cpp(139,47): warning C4267: '인수': 'size_t'에서 'int'(으)로 변환하면서 데이터가 손실될 수 있습니다.
  ScreenSystem.cpp
C:\Users\User\Documents\GitHub\Thirsty\Win32\StockGame.h(59,42): warning C4305: '초기화 중': 'double'에서 'float'(으)로 잘립니다.
  (소스 파일 'ScreenSystem.cpp'을(를) 컴파일하는 중)
  
C:\Users\User\Documents\GitHub\Thirsty\Win32\StockGame.h(60,45): warning C4305: '초기화 중': 'double'에서 'float'(으)로 잘립니다.
  (소스 파일 'ScreenSystem.cpp'을(를) 컴파일하는 중)
  
C:\Users\User\Documents\GitHub\Thirsty\Win32\ScreenSystem.cpp(49,50): warning C4244: '인수': 'ULONGLONG'에서 'float'(으)로 변환하면서 데이터가 손실될 수 있습니다.
C:\Users\User\Documents\GitHub\Thirsty\Win32\ScreenSystem.cpp(50,45): warning C4244: '인수': 'ULONGLONG'에서 'float'(으)로 변환하면서 데이터가 손실될 수 있습니다.
  SoundManager.cpp
C:\Users\User\Documents\GitHub\Thirsty\Win32\StockGame.h(59,42): warning C4305: '초기화 중': 'double'에서 'float'(으)로 잘립니다.
  (소스 파일 'SoundManager.cpp'을(를) 컴파일하는 중)
  
C:\Users\User\Documents\GitHub\Thirsty\Win32\StockGame.h(60,45): warning C4305: '초기화 중': 'double'에서 'float'(으)로 잘립니다.
  (소스 파일 'SoundManager.cpp'을(를) 컴파일하는 중)
  
  StockGame.cpp
C:\Users\User\Documents\GitHub\Thirsty\Win32\StockGame.h(59,42): warning C4305: '초기화 중': 'double'에서 'float'(으)로 잘립니다.
  (소스 파일 'StockGame.cpp'을(를) 컴파일하는 중)
  
C:\Users\User\Documents\GitHub\Thirsty\Win32\StockGame.h(60,45): warning C4305: '초기화 중': 'double'에서 'float'(으)로 잘립니다.
  (소스 파일 'StockGame.cpp'을(를) 컴파일하는 중)
  
C:\Users\User\Documents\GitHub\Thirsty\Win32\StockGame.cpp(80,18): warning C4244: '+=': 'float'에서 'ULONGLONG'(으)로 변환하면서 데이터가 손실될 수 있습니다.
C:\Users\User\Documents\GitHub\Thirsty\Win32\StockGame.cpp(91,127): warning C4244: '인수': 'float'에서 'int'(으)로 변환하면서 데이터가 손실될 수 있습니다.
C:\Users\User\Documents\GitHub\Thirsty\Win32\StockGame.cpp(91,97): warning C4244: '인수': 'float'에서 'int'(으)로 변환하면서 데이터가 손실될 수 있습니다.
C:\Users\User\Documents\GitHub\Thirsty\Win32\StockGame.cpp(91,63): warning C4244: '인수': 'float'에서 'int'(으)로 변환하면서 데이터가 손실될 수 있습니다.
C:\Users\User\Documents\GitHub\Thirsty\Win32\StockGame.cpp(91,30): warning C4244: '인수': 'float'에서 'int'(으)로 변환하면서 데이터가 손실될 수 있습니다.
C:\Users\User\Documents\GitHub\Thirsty\Win32\StockGame.cpp(92,98): warning C4244: '인수': 'float'에서 'int'(으)로 변환하면서 데이터가 손실될 수 있습니다.
C:\Users\User\Documents\GitHub\Thirsty\Win32\StockGame.cpp(92,84): warning C4244: '인수': 'float'에서 'int'(으)로 변환하면서 데이터가 손실될 수 있습니다.
C:\Users\User\Documents\GitHub\Thirsty\Win32\StockGame.cpp(92,57): warning C4244: '인수': 'float'에서 'int'(으)로 변환하면서 데이터가 손실될 수 있습니다.
C:\Users\User\Documents\GitHub\Thirsty\Win32\StockGame.cpp(92,28): warning C4244: '인수': 'float'에서 'int'(으)로 변환하면서 데이터가 손실될 수 있습니다.
C:\Users\User\Documents\GitHub\Thirsty\Win32\StockGame.cpp(93,116): warning C4244: '인수': 'float'에서 'int'(으)로 변환하면서 데이터가 손실될 수 있습니다.
C:\Users\User\Documents\GitHub\Thirsty\Win32\StockGame.cpp(93,99): warning C4244: '인수': 'float'에서 'int'(으)로 변환하면서 데이터가 손실될 수 있습니다.
C:\Users\User\Documents\GitHub\Thirsty\Win32\StockGame.cpp(93,66): warning C4244: '인수': 'float'에서 'int'(으)로 변환하면서 데이터가 손실될 수 있습니다.
C:\Users\User\Documents\GitHub\Thirsty\Win32\StockGame.cpp(93,31): warning C4244: '인수': 'float'에서 'int'(으)로 변환하면서 데이터가 손실될 수 있습니다.
C:\Users\User\Documents\GitHub\Thirsty\Win32\StockGame.cpp(131,23): warning C4305: '인수': 'double'에서 'float'(으)로 잘립니다.
C:\Users\User\Documents\GitHub\Thirsty\Win32\StockGame.cpp(138,12): warning C4244: '인수': 'time_t'에서 'unsigned int'(으)로 변환하면서 데이터가 손실될 수 있습니다.
C:\Users\User\Documents\GitHub\Thirsty\Win32\StockGame.cpp(162,17): warning C4244: '+=': 'float'에서 'ULONGLONG'(으)로 변환하면서 데이터가 손실될 수 있습니다.
  TimeSystem.cpp
C:\Users\User\Documents\GitHub\Thirsty\Win32\StockGame.h(59,42): warning C4305: '초기화 중': 'double'에서 'float'(으)로 잘립니다.
  (소스 파일 'TimeSystem.cpp'을(를) 컴파일하는 중)
  
C:\Users\User\Documents\GitHub\Thirsty\Win32\StockGame.h(60,45): warning C4305: '초기화 중': 'double'에서 'float'(으)로 잘립니다.
  (소스 파일 'TimeSystem.cpp'을(를) 컴파일하는 중)
  
  WinApp.cpp
C:\Users\User\Documents\GitHub\Thirsty\Win32\StockGame.h(59,42): warning C4305: '초기화 중': 'double'에서 'float'(으)로 잘립니다.
  (소스 파일 'WinApp.cpp'을(를) 컴파일하는 중)
  
C:\Users\User\Documents\GitHub\Thirsty\Win32\StockGame.h(60,45): warning C4305: '초기화 중': 'double'에서 'float'(으)로 잘립니다.
  (소스 파일 'WinApp.cpp'을(를) 컴파일하는 중)
  
  코드를 생성하고 있습니다...
  Win32.vcxproj -> C:\Users\User\Documents\GitHub\Thirsty\x64\Debug\우동 한 그릇.exe
